<?xml version="1.0" encoding="UTF-8"?>
<!-- Generated by org.testng.reporters.JUnitReportReporter -->
<testsuite hostname="DESKTOP-FOFNT6L" failures="0" tests="1" name="Module1_Login_Test.SwagLabLoginTest" time="12.271" errors="0" timestamp="2023-11-23T12:57:25 IST" skipped="0">
  <testcase classname="Module1_Login_Test.SwagLabLoginTest" name="VerifyTitle" time="12.271"/>
</testsuite> <!-- Module1_Login_Test.SwagLabLoginTest -->
